<?xml version="1.0" encoding="UTF-8"?>
<testsuite name="com.cg.datastruct.LinkedListTest" tests="1" skipped="0" failures="0" errors="0" timestamp="2020-10-16T12:27:16" hostname="LAPTOP-OULI8K5P" time="0.001">
  <properties/>
  <testcase name="given" classname="com.cg.datastruct.LinkedListTest" time="0.001"/>
  <system-out><![CDATA[]]></system-out>
  <system-err><![CDATA[]]></system-err>
</testsuite>
